状态 1 conflicts: 2 shift/reduce
状态 83 conflicts: 12 shift/reduce
状态 90 conflicts: 13 shift/reduce
状态 91 conflicts: 12 shift/reduce
状态 114 conflicts: 12 shift/reduce
状态 116 conflicts: 12 shift/reduce
状态 134 conflicts: 12 shift/reduce


语法

    0 $accept: program $end

    1 program: exp

    2 exp: lvalue
    3    | lvalue ASSIGN exp
    4    | funcall
    5    | exp TIMES exp
    6    | exp DIVIDE exp
    7    | exp PLUS exp
    8    | exp MINUS exp
    9    | exp EQ exp
   10    | exp NEQ exp
   11    | exp LT exp
   12    | exp LE exp
   13    | exp GT exp
   14    | exp GE exp
   15    | exp AND exp
   16    | exp OR exp
   17    | rec_creation
   18    | NIL
   19    | LPAREN expseq RPAREN
   20    | INT
   21    | STRING
   22    | MINUS exp
   23    | ID LBRACK exp RBRACK OF exp
   24    | IF exp THEN exp ELSE exp
   25    | IF exp THEN exp
   26    | WHILE exp DO exp
   27    | FOR ID ASSIGN exp TO exp DO exp
   28    | BREAK
   29    | LET decs IN expseq END

   30 expseq: exp SEMICOLON expseq
   31       | exp

   32 funcall: ID LPAREN RPAREN
   33        | ID LPAREN argseq RPAREN

   34 argseq: exp COMMA argseq
   35       | exp

   36 rec_creation: ID LBRACE RBRACE
   37             | ID LBRACE field_seq RBRACE

   38 field_seq: ID EQ exp COMMA field_seq
   39          | ID EQ exp

   40 decs: dec decs
   41     | /* 空 */

   42 dec: tydec
   43    | vardec
   44    | fundec

   45 tydec: TYPE ID EQ ty

   46 ty: ID
   47   | LBRACE tyfields RBRACE
   48   | ARRAY OF ID

   49 tyfields: tyfield tail_tyfields
   50         | /* 空 */

   51 tail_tyfields: COMMA tyfield tail_tyfields
   52              | /* 空 */

   53 tyfield: ID COLON ID

   54 vardec: VAR ID ASSIGN exp
   55       | VAR ID COLON ID ASSIGN exp

   56 fundec: FUNCTION ID LPAREN tyfields RPAREN EQ exp
   57       | FUNCTION ID LPAREN tyfields RPAREN COLON ID EQ exp

   58 lvalue: ID
   59       | ID DOT ID
   60       | lvalue DOT ID
   61       | ID LBRACK exp RBRACK
   62       | lvalue LBRACK exp RBRACK


Terminals, with rules where they appear

$end (0) 0
error (256)
ID (258) 23 27 32 33 36 37 38 39 45 46 48 53 54 55 56 57 58 59 60 61
STRING (259) 21
INT (260) 20
OR (261) 16
AND (262) 15
GE (263) 14
GT (264) 13
LE (265) 12
LT (266) 11
NEQ (267) 10
EQ (268) 9 38 39 45 56 57
MINUS (269) 8 22
PLUS (270) 7
DIVIDE (271) 6
TIMES (272) 5
UMINUS (273)
COMMA (274) 34 38 51
COLON (275) 53 55 57
SEMICOLON (276) 30
LPAREN (277) 19 32 33 56 57
RPAREN (278) 19 32 33 56 57
LBRACK (279) 23 61 62
RBRACK (280) 23 61 62
LBRACE (281) 36 37 47
RBRACE (282) 36 37 47
DOT (283) 59 60
ASSIGN (284) 3 27 54 55
ARRAY (285) 48
IF (286) 24 25
THEN (287) 24 25
ELSE (288) 24
WHILE (289) 26
FOR (290) 27
TO (291) 27
DO (292) 26 27
LET (293) 29
IN (294) 29
END (295) 29
OF (296) 23 48
BREAK (297) 28
NIL (298) 18
FUNCTION (299) 56 57
VAR (300) 54 55
TYPE (301) 45


Nonterminals, with rules where they appear

$accept (47)
    左： 0
program (48)
    左： 1, 右： 0
exp (49)
    左： 2 3 4 5 6 7 8 9 10 11 12 13 14 15 16 17 18 19 20 21 22 23
    24 25 26 27 28 29, 右： 1 3 5 6 7 8 9 10 11 12 13 14 15 16 22
    23 24 25 26 27 30 31 34 35 38 39 54 55 56 57 61 62
expseq (50)
    左： 30 31, 右： 19 29 30
funcall (51)
    左： 32 33, 右： 4
argseq (52)
    左： 34 35, 右： 33 34
rec_creation (53)
    左： 36 37, 右： 17
field_seq (54)
    左： 38 39, 右： 37 38
decs (55)
    左： 40 41, 右： 29 40
dec (56)
    左： 42 43 44, 右： 40
tydec (57)
    左： 45, 右： 42
ty (58)
    左： 46 47 48, 右： 45
tyfields (59)
    左： 49 50, 右： 47 56 57
tail_tyfields (60)
    左： 51 52, 右： 49 51
tyfield (61)
    左： 53, 右： 49 51
vardec (62)
    左： 54 55, 右： 43
fundec (63)
    左： 56 57, 右： 44
lvalue (64)
    左： 58 59 60 61 62, 右： 2 3 60 62


状态 0

    0 $accept: . program $end

    ID      shift, and go to state 1
    STRING  shift, and go to state 2
    INT     shift, and go to state 3
    MINUS   shift, and go to state 4
    LPAREN  shift, and go to state 5
    IF      shift, and go to state 6
    WHILE   shift, and go to state 7
    FOR     shift, and go to state 8
    LET     shift, and go to state 9
    BREAK   shift, and go to state 10
    NIL     shift, and go to state 11

    program       转到状态12
    exp           转到状态13
    funcall       转到状态14
    rec_creation  转到状态15
    lvalue        转到状态16


状态 1

   23 exp: ID . LBRACK exp RBRACK OF exp
   32 funcall: ID . LPAREN RPAREN
   33        | ID . LPAREN argseq RPAREN
   36 rec_creation: ID . LBRACE RBRACE
   37             | ID . LBRACE field_seq RBRACE
   58 lvalue: ID .
   59       | ID . DOT ID
   61       | ID . LBRACK exp RBRACK

    LPAREN  shift, and go to state 17
    LBRACK  shift, and go to state 18
    LBRACE  shift, and go to state 19
    DOT     shift, and go to state 20

    LBRACK    [reduce using rule 58 (lvalue)]
    DOT       [reduce using rule 58 (lvalue)]
    $default  reduce using rule 58 (lvalue)


状态 2

   21 exp: STRING .

    $default  reduce using rule 21 (exp)


状态 3

   20 exp: INT .

    $default  reduce using rule 20 (exp)


状态 4

   22 exp: MINUS . exp

    ID      shift, and go to state 1
    STRING  shift, and go to state 2
    INT     shift, and go to state 3
    MINUS   shift, and go to state 4
    LPAREN  shift, and go to state 5
    IF      shift, and go to state 6
    WHILE   shift, and go to state 7
    FOR     shift, and go to state 8
    LET     shift, and go to state 9
    BREAK   shift, and go to state 10
    NIL     shift, and go to state 11

    exp           转到状态21
    funcall       转到状态14
    rec_creation  转到状态15
    lvalue        转到状态16


状态 5

   19 exp: LPAREN . expseq RPAREN

    ID      shift, and go to state 1
    STRING  shift, and go to state 2
    INT     shift, and go to state 3
    MINUS   shift, and go to state 4
    LPAREN  shift, and go to state 5
    IF      shift, and go to state 6
    WHILE   shift, and go to state 7
    FOR     shift, and go to state 8
    LET     shift, and go to state 9
    BREAK   shift, and go to state 10
    NIL     shift, and go to state 11

    exp           转到状态22
    expseq        转到状态23
    funcall       转到状态14
    rec_creation  转到状态15
    lvalue        转到状态16


状态 6

   24 exp: IF . exp THEN exp ELSE exp
   25    | IF . exp THEN exp

    ID      shift, and go to state 1
    STRING  shift, and go to state 2
    INT     shift, and go to state 3
    MINUS   shift, and go to state 4
    LPAREN  shift, and go to state 5
    IF      shift, and go to state 6
    WHILE   shift, and go to state 7
    FOR     shift, and go to state 8
    LET     shift, and go to state 9
    BREAK   shift, and go to state 10
    NIL     shift, and go to state 11

    exp           转到状态24
    funcall       转到状态14
    rec_creation  转到状态15
    lvalue        转到状态16


状态 7

   26 exp: WHILE . exp DO exp

    ID      shift, and go to state 1
    STRING  shift, and go to state 2
    INT     shift, and go to state 3
    MINUS   shift, and go to state 4
    LPAREN  shift, and go to state 5
    IF      shift, and go to state 6
    WHILE   shift, and go to state 7
    FOR     shift, and go to state 8
    LET     shift, and go to state 9
    BREAK   shift, and go to state 10
    NIL     shift, and go to state 11

    exp           转到状态25
    funcall       转到状态14
    rec_creation  转到状态15
    lvalue        转到状态16


状态 8

   27 exp: FOR . ID ASSIGN exp TO exp DO exp

    ID  shift, and go to state 26


状态 9

   29 exp: LET . decs IN expseq END

    FUNCTION  shift, and go to state 27
    VAR       shift, and go to state 28
    TYPE      shift, and go to state 29

    $default  reduce using rule 41 (decs)

    decs    转到状态30
    dec     转到状态31
    tydec   转到状态32
    vardec  转到状态33
    fundec  转到状态34


状态 10

   28 exp: BREAK .

    $default  reduce using rule 28 (exp)


状态 11

   18 exp: NIL .

    $default  reduce using rule 18 (exp)


状态 12

    0 $accept: program . $end

    $end  shift, and go to state 35


状态 13

    1 program: exp .
    5 exp: exp . TIMES exp
    6    | exp . DIVIDE exp
    7    | exp . PLUS exp
    8    | exp . MINUS exp
    9    | exp . EQ exp
   10    | exp . NEQ exp
   11    | exp . LT exp
   12    | exp . LE exp
   13    | exp . GT exp
   14    | exp . GE exp
   15    | exp . AND exp
   16    | exp . OR exp

    OR      shift, and go to state 36
    AND     shift, and go to state 37
    GE      shift, and go to state 38
    GT      shift, and go to state 39
    LE      shift, and go to state 40
    LT      shift, and go to state 41
    NEQ     shift, and go to state 42
    EQ      shift, and go to state 43
    MINUS   shift, and go to state 44
    PLUS    shift, and go to state 45
    DIVIDE  shift, and go to state 46
    TIMES   shift, and go to state 47

    $default  reduce using rule 1 (program)


状态 14

    4 exp: funcall .

    $default  reduce using rule 4 (exp)


状态 15

   17 exp: rec_creation .

    $default  reduce using rule 17 (exp)


状态 16

    2 exp: lvalue .
    3    | lvalue . ASSIGN exp
   60 lvalue: lvalue . DOT ID
   62       | lvalue . LBRACK exp RBRACK

    LBRACK  shift, and go to state 48
    DOT     shift, and go to state 49
    ASSIGN  shift, and go to state 50

    $default  reduce using rule 2 (exp)


状态 17

   32 funcall: ID LPAREN . RPAREN
   33        | ID LPAREN . argseq RPAREN

    ID      shift, and go to state 1
    STRING  shift, and go to state 2
    INT     shift, and go to state 3
    MINUS   shift, and go to state 4
    LPAREN  shift, and go to state 5
    RPAREN  shift, and go to state 51
    IF      shift, and go to state 6
    WHILE   shift, and go to state 7
    FOR     shift, and go to state 8
    LET     shift, and go to state 9
    BREAK   shift, and go to state 10
    NIL     shift, and go to state 11

    exp           转到状态52
    funcall       转到状态14
    argseq        转到状态53
    rec_creation  转到状态15
    lvalue        转到状态16


状态 18

   23 exp: ID LBRACK . exp RBRACK OF exp
   61 lvalue: ID LBRACK . exp RBRACK

    ID      shift, and go to state 1
    STRING  shift, and go to state 2
    INT     shift, and go to state 3
    MINUS   shift, and go to state 4
    LPAREN  shift, and go to state 5
    IF      shift, and go to state 6
    WHILE   shift, and go to state 7
    FOR     shift, and go to state 8
    LET     shift, and go to state 9
    BREAK   shift, and go to state 10
    NIL     shift, and go to state 11

    exp           转到状态54
    funcall       转到状态14
    rec_creation  转到状态15
    lvalue        转到状态16


状态 19

   36 rec_creation: ID LBRACE . RBRACE
   37             | ID LBRACE . field_seq RBRACE

    ID      shift, and go to state 55
    RBRACE  shift, and go to state 56

    field_seq  转到状态57


状态 20

   59 lvalue: ID DOT . ID

    ID  shift, and go to state 58


状态 21

    5 exp: exp . TIMES exp
    6    | exp . DIVIDE exp
    7    | exp . PLUS exp
    8    | exp . MINUS exp
    9    | exp . EQ exp
   10    | exp . NEQ exp
   11    | exp . LT exp
   12    | exp . LE exp
   13    | exp . GT exp
   14    | exp . GE exp
   15    | exp . AND exp
   16    | exp . OR exp
   22    | MINUS exp .

    $default  reduce using rule 22 (exp)


状态 22

    5 exp: exp . TIMES exp
    6    | exp . DIVIDE exp
    7    | exp . PLUS exp
    8    | exp . MINUS exp
    9    | exp . EQ exp
   10    | exp . NEQ exp
   11    | exp . LT exp
   12    | exp . LE exp
   13    | exp . GT exp
   14    | exp . GE exp
   15    | exp . AND exp
   16    | exp . OR exp
   30 expseq: exp . SEMICOLON expseq
   31       | exp .

    OR         shift, and go to state 36
    AND        shift, and go to state 37
    GE         shift, and go to state 38
    GT         shift, and go to state 39
    LE         shift, and go to state 40
    LT         shift, and go to state 41
    NEQ        shift, and go to state 42
    EQ         shift, and go to state 43
    MINUS      shift, and go to state 44
    PLUS       shift, and go to state 45
    DIVIDE     shift, and go to state 46
    TIMES      shift, and go to state 47
    SEMICOLON  shift, and go to state 59

    $default  reduce using rule 31 (expseq)


状态 23

   19 exp: LPAREN expseq . RPAREN

    RPAREN  shift, and go to state 60


状态 24

    5 exp: exp . TIMES exp
    6    | exp . DIVIDE exp
    7    | exp . PLUS exp
    8    | exp . MINUS exp
    9    | exp . EQ exp
   10    | exp . NEQ exp
   11    | exp . LT exp
   12    | exp . LE exp
   13    | exp . GT exp
   14    | exp . GE exp
   15    | exp . AND exp
   16    | exp . OR exp
   24    | IF exp . THEN exp ELSE exp
   25    | IF exp . THEN exp

    OR      shift, and go to state 36
    AND     shift, and go to state 37
    GE      shift, and go to state 38
    GT      shift, and go to state 39
    LE      shift, and go to state 40
    LT      shift, and go to state 41
    NEQ     shift, and go to state 42
    EQ      shift, and go to state 43
    MINUS   shift, and go to state 44
    PLUS    shift, and go to state 45
    DIVIDE  shift, and go to state 46
    TIMES   shift, and go to state 47
    THEN    shift, and go to state 61


状态 25

    5 exp: exp . TIMES exp
    6    | exp . DIVIDE exp
    7    | exp . PLUS exp
    8    | exp . MINUS exp
    9    | exp . EQ exp
   10    | exp . NEQ exp
   11    | exp . LT exp
   12    | exp . LE exp
   13    | exp . GT exp
   14    | exp . GE exp
   15    | exp . AND exp
   16    | exp . OR exp
   26    | WHILE exp . DO exp

    OR      shift, and go to state 36
    AND     shift, and go to state 37
    GE      shift, and go to state 38
    GT      shift, and go to state 39
    LE      shift, and go to state 40
    LT      shift, and go to state 41
    NEQ     shift, and go to state 42
    EQ      shift, and go to state 43
    MINUS   shift, and go to state 44
    PLUS    shift, and go to state 45
    DIVIDE  shift, and go to state 46
    TIMES   shift, and go to state 47
    DO      shift, and go to state 62


状态 26

   27 exp: FOR ID . ASSIGN exp TO exp DO exp

    ASSIGN  shift, and go to state 63


状态 27

   56 fundec: FUNCTION . ID LPAREN tyfields RPAREN EQ exp
   57       | FUNCTION . ID LPAREN tyfields RPAREN COLON ID EQ exp

    ID  shift, and go to state 64


状态 28

   54 vardec: VAR . ID ASSIGN exp
   55       | VAR . ID COLON ID ASSIGN exp

    ID  shift, and go to state 65


状态 29

   45 tydec: TYPE . ID EQ ty

    ID  shift, and go to state 66


状态 30

   29 exp: LET decs . IN expseq END

    IN  shift, and go to state 67


状态 31

   40 decs: dec . decs

    FUNCTION  shift, and go to state 27
    VAR       shift, and go to state 28
    TYPE      shift, and go to state 29

    $default  reduce using rule 41 (decs)

    decs    转到状态68
    dec     转到状态31
    tydec   转到状态32
    vardec  转到状态33
    fundec  转到状态34


状态 32

   42 dec: tydec .

    $default  reduce using rule 42 (dec)


状态 33

   43 dec: vardec .

    $default  reduce using rule 43 (dec)


状态 34

   44 dec: fundec .

    $default  reduce using rule 44 (dec)


状态 35

    0 $accept: program $end .

    $default  接受


状态 36

   16 exp: exp OR . exp

    ID      shift, and go to state 1
    STRING  shift, and go to state 2
    INT     shift, and go to state 3
    MINUS   shift, and go to state 4
    LPAREN  shift, and go to state 5
    IF      shift, and go to state 6
    WHILE   shift, and go to state 7
    FOR     shift, and go to state 8
    LET     shift, and go to state 9
    BREAK   shift, and go to state 10
    NIL     shift, and go to state 11

    exp           转到状态69
    funcall       转到状态14
    rec_creation  转到状态15
    lvalue        转到状态16


状态 37

   15 exp: exp AND . exp

    ID      shift, and go to state 1
    STRING  shift, and go to state 2
    INT     shift, and go to state 3
    MINUS   shift, and go to state 4
    LPAREN  shift, and go to state 5
    IF      shift, and go to state 6
    WHILE   shift, and go to state 7
    FOR     shift, and go to state 8
    LET     shift, and go to state 9
    BREAK   shift, and go to state 10
    NIL     shift, and go to state 11

    exp           转到状态70
    funcall       转到状态14
    rec_creation  转到状态15
    lvalue        转到状态16


状态 38

   14 exp: exp GE . exp

    ID      shift, and go to state 1
    STRING  shift, and go to state 2
    INT     shift, and go to state 3
    MINUS   shift, and go to state 4
    LPAREN  shift, and go to state 5
    IF      shift, and go to state 6
    WHILE   shift, and go to state 7
    FOR     shift, and go to state 8
    LET     shift, and go to state 9
    BREAK   shift, and go to state 10
    NIL     shift, and go to state 11

    exp           转到状态71
    funcall       转到状态14
    rec_creation  转到状态15
    lvalue        转到状态16


状态 39

   13 exp: exp GT . exp

    ID      shift, and go to state 1
    STRING  shift, and go to state 2
    INT     shift, and go to state 3
    MINUS   shift, and go to state 4
    LPAREN  shift, and go to state 5
    IF      shift, and go to state 6
    WHILE   shift, and go to state 7
    FOR     shift, and go to state 8
    LET     shift, and go to state 9
    BREAK   shift, and go to state 10
    NIL     shift, and go to state 11

    exp           转到状态72
    funcall       转到状态14
    rec_creation  转到状态15
    lvalue        转到状态16


状态 40

   12 exp: exp LE . exp

    ID      shift, and go to state 1
    STRING  shift, and go to state 2
    INT     shift, and go to state 3
    MINUS   shift, and go to state 4
    LPAREN  shift, and go to state 5
    IF      shift, and go to state 6
    WHILE   shift, and go to state 7
    FOR     shift, and go to state 8
    LET     shift, and go to state 9
    BREAK   shift, and go to state 10
    NIL     shift, and go to state 11

    exp           转到状态73
    funcall       转到状态14
    rec_creation  转到状态15
    lvalue        转到状态16


状态 41

   11 exp: exp LT . exp

    ID      shift, and go to state 1
    STRING  shift, and go to state 2
    INT     shift, and go to state 3
    MINUS   shift, and go to state 4
    LPAREN  shift, and go to state 5
    IF      shift, and go to state 6
    WHILE   shift, and go to state 7
    FOR     shift, and go to state 8
    LET     shift, and go to state 9
    BREAK   shift, and go to state 10
    NIL     shift, and go to state 11

    exp           转到状态74
    funcall       转到状态14
    rec_creation  转到状态15
    lvalue        转到状态16


状态 42

   10 exp: exp NEQ . exp

    ID      shift, and go to state 1
    STRING  shift, and go to state 2
    INT     shift, and go to state 3
    MINUS   shift, and go to state 4
    LPAREN  shift, and go to state 5
    IF      shift, and go to state 6
    WHILE   shift, and go to state 7
    FOR     shift, and go to state 8
    LET     shift, and go to state 9
    BREAK   shift, and go to state 10
    NIL     shift, and go to state 11

    exp           转到状态75
    funcall       转到状态14
    rec_creation  转到状态15
    lvalue        转到状态16


状态 43

    9 exp: exp EQ . exp

    ID      shift, and go to state 1
    STRING  shift, and go to state 2
    INT     shift, and go to state 3
    MINUS   shift, and go to state 4
    LPAREN  shift, and go to state 5
    IF      shift, and go to state 6
    WHILE   shift, and go to state 7
    FOR     shift, and go to state 8
    LET     shift, and go to state 9
    BREAK   shift, and go to state 10
    NIL     shift, and go to state 11

    exp           转到状态76
    funcall       转到状态14
    rec_creation  转到状态15
    lvalue        转到状态16


状态 44

    8 exp: exp MINUS . exp

    ID      shift, and go to state 1
    STRING  shift, and go to state 2
    INT     shift, and go to state 3
    MINUS   shift, and go to state 4
    LPAREN  shift, and go to state 5
    IF      shift, and go to state 6
    WHILE   shift, and go to state 7
    FOR     shift, and go to state 8
    LET     shift, and go to state 9
    BREAK   shift, and go to state 10
    NIL     shift, and go to state 11

    exp           转到状态77
    funcall       转到状态14
    rec_creation  转到状态15
    lvalue        转到状态16


状态 45

    7 exp: exp PLUS . exp

    ID      shift, and go to state 1
    STRING  shift, and go to state 2
    INT     shift, and go to state 3
    MINUS   shift, and go to state 4
    LPAREN  shift, and go to state 5
    IF      shift, and go to state 6
    WHILE   shift, and go to state 7
    FOR     shift, and go to state 8
    LET     shift, and go to state 9
    BREAK   shift, and go to state 10
    NIL     shift, and go to state 11

    exp           转到状态78
    funcall       转到状态14
    rec_creation  转到状态15
    lvalue        转到状态16


状态 46

    6 exp: exp DIVIDE . exp

    ID      shift, and go to state 1
    STRING  shift, and go to state 2
    INT     shift, and go to state 3
    MINUS   shift, and go to state 4
    LPAREN  shift, and go to state 5
    IF      shift, and go to state 6
    WHILE   shift, and go to state 7
    FOR     shift, and go to state 8
    LET     shift, and go to state 9
    BREAK   shift, and go to state 10
    NIL     shift, and go to state 11

    exp           转到状态79
    funcall       转到状态14
    rec_creation  转到状态15
    lvalue        转到状态16


状态 47

    5 exp: exp TIMES . exp

    ID      shift, and go to state 1
    STRING  shift, and go to state 2
    INT     shift, and go to state 3
    MINUS   shift, and go to state 4
    LPAREN  shift, and go to state 5
    IF      shift, and go to state 6
    WHILE   shift, and go to state 7
    FOR     shift, and go to state 8
    LET     shift, and go to state 9
    BREAK   shift, and go to state 10
    NIL     shift, and go to state 11

    exp           转到状态80
    funcall       转到状态14
    rec_creation  转到状态15
    lvalue        转到状态16


状态 48

   62 lvalue: lvalue LBRACK . exp RBRACK

    ID      shift, and go to state 1
    STRING  shift, and go to state 2
    INT     shift, and go to state 3
    MINUS   shift, and go to state 4
    LPAREN  shift, and go to state 5
    IF      shift, and go to state 6
    WHILE   shift, and go to state 7
    FOR     shift, and go to state 8
    LET     shift, and go to state 9
    BREAK   shift, and go to state 10
    NIL     shift, and go to state 11

    exp           转到状态81
    funcall       转到状态14
    rec_creation  转到状态15
    lvalue        转到状态16


状态 49

   60 lvalue: lvalue DOT . ID

    ID  shift, and go to state 82


状态 50

    3 exp: lvalue ASSIGN . exp

    ID      shift, and go to state 1
    STRING  shift, and go to state 2
    INT     shift, and go to state 3
    MINUS   shift, and go to state 4
    LPAREN  shift, and go to state 5
    IF      shift, and go to state 6
    WHILE   shift, and go to state 7
    FOR     shift, and go to state 8
    LET     shift, and go to state 9
    BREAK   shift, and go to state 10
    NIL     shift, and go to state 11

    exp           转到状态83
    funcall       转到状态14
    rec_creation  转到状态15
    lvalue        转到状态16


状态 51

   32 funcall: ID LPAREN RPAREN .

    $default  reduce using rule 32 (funcall)


状态 52

    5 exp: exp . TIMES exp
    6    | exp . DIVIDE exp
    7    | exp . PLUS exp
    8    | exp . MINUS exp
    9    | exp . EQ exp
   10    | exp . NEQ exp
   11    | exp . LT exp
   12    | exp . LE exp
   13    | exp . GT exp
   14    | exp . GE exp
   15    | exp . AND exp
   16    | exp . OR exp
   34 argseq: exp . COMMA argseq
   35       | exp .

    OR      shift, and go to state 36
    AND     shift, and go to state 37
    GE      shift, and go to state 38
    GT      shift, and go to state 39
    LE      shift, and go to state 40
    LT      shift, and go to state 41
    NEQ     shift, and go to state 42
    EQ      shift, and go to state 43
    MINUS   shift, and go to state 44
    PLUS    shift, and go to state 45
    DIVIDE  shift, and go to state 46
    TIMES   shift, and go to state 47
    COMMA   shift, and go to state 84

    $default  reduce using rule 35 (argseq)


状态 53

   33 funcall: ID LPAREN argseq . RPAREN

    RPAREN  shift, and go to state 85


状态 54

    5 exp: exp . TIMES exp
    6    | exp . DIVIDE exp
    7    | exp . PLUS exp
    8    | exp . MINUS exp
    9    | exp . EQ exp
   10    | exp . NEQ exp
   11    | exp . LT exp
   12    | exp . LE exp
   13    | exp . GT exp
   14    | exp . GE exp
   15    | exp . AND exp
   16    | exp . OR exp
   23    | ID LBRACK exp . RBRACK OF exp
   61 lvalue: ID LBRACK exp . RBRACK

    OR      shift, and go to state 36
    AND     shift, and go to state 37
    GE      shift, and go to state 38
    GT      shift, and go to state 39
    LE      shift, and go to state 40
    LT      shift, and go to state 41
    NEQ     shift, and go to state 42
    EQ      shift, and go to state 43
    MINUS   shift, and go to state 44
    PLUS    shift, and go to state 45
    DIVIDE  shift, and go to state 46
    TIMES   shift, and go to state 47
    RBRACK  shift, and go to state 86


状态 55

   38 field_seq: ID . EQ exp COMMA field_seq
   39          | ID . EQ exp

    EQ  shift, and go to state 87


状态 56

   36 rec_creation: ID LBRACE RBRACE .

    $default  reduce using rule 36 (rec_creation)


状态 57

   37 rec_creation: ID LBRACE field_seq . RBRACE

    RBRACE  shift, and go to state 88


状态 58

   59 lvalue: ID DOT ID .

    $default  reduce using rule 59 (lvalue)


状态 59

   30 expseq: exp SEMICOLON . expseq

    ID      shift, and go to state 1
    STRING  shift, and go to state 2
    INT     shift, and go to state 3
    MINUS   shift, and go to state 4
    LPAREN  shift, and go to state 5
    IF      shift, and go to state 6
    WHILE   shift, and go to state 7
    FOR     shift, and go to state 8
    LET     shift, and go to state 9
    BREAK   shift, and go to state 10
    NIL     shift, and go to state 11

    exp           转到状态22
    expseq        转到状态89
    funcall       转到状态14
    rec_creation  转到状态15
    lvalue        转到状态16


状态 60

   19 exp: LPAREN expseq RPAREN .

    $default  reduce using rule 19 (exp)


状态 61

   24 exp: IF exp THEN . exp ELSE exp
   25    | IF exp THEN . exp

    ID      shift, and go to state 1
    STRING  shift, and go to state 2
    INT     shift, and go to state 3
    MINUS   shift, and go to state 4
    LPAREN  shift, and go to state 5
    IF      shift, and go to state 6
    WHILE   shift, and go to state 7
    FOR     shift, and go to state 8
    LET     shift, and go to state 9
    BREAK   shift, and go to state 10
    NIL     shift, and go to state 11

    exp           转到状态90
    funcall       转到状态14
    rec_creation  转到状态15
    lvalue        转到状态16


状态 62

   26 exp: WHILE exp DO . exp

    ID      shift, and go to state 1
    STRING  shift, and go to state 2
    INT     shift, and go to state 3
    MINUS   shift, and go to state 4
    LPAREN  shift, and go to state 5
    IF      shift, and go to state 6
    WHILE   shift, and go to state 7
    FOR     shift, and go to state 8
    LET     shift, and go to state 9
    BREAK   shift, and go to state 10
    NIL     shift, and go to state 11

    exp           转到状态91
    funcall       转到状态14
    rec_creation  转到状态15
    lvalue        转到状态16


状态 63

   27 exp: FOR ID ASSIGN . exp TO exp DO exp

    ID      shift, and go to state 1
    STRING  shift, and go to state 2
    INT     shift, and go to state 3
    MINUS   shift, and go to state 4
    LPAREN  shift, and go to state 5
    IF      shift, and go to state 6
    WHILE   shift, and go to state 7
    FOR     shift, and go to state 8
    LET     shift, and go to state 9
    BREAK   shift, and go to state 10
    NIL     shift, and go to state 11

    exp           转到状态92
    funcall       转到状态14
    rec_creation  转到状态15
    lvalue        转到状态16


状态 64

   56 fundec: FUNCTION ID . LPAREN tyfields RPAREN EQ exp
   57       | FUNCTION ID . LPAREN tyfields RPAREN COLON ID EQ exp

    LPAREN  shift, and go to state 93


状态 65

   54 vardec: VAR ID . ASSIGN exp
   55       | VAR ID . COLON ID ASSIGN exp

    COLON   shift, and go to state 94
    ASSIGN  shift, and go to state 95


状态 66

   45 tydec: TYPE ID . EQ ty

    EQ  shift, and go to state 96


状态 67

   29 exp: LET decs IN . expseq END

    ID      shift, and go to state 1
    STRING  shift, and go to state 2
    INT     shift, and go to state 3
    MINUS   shift, and go to state 4
    LPAREN  shift, and go to state 5
    IF      shift, and go to state 6
    WHILE   shift, and go to state 7
    FOR     shift, and go to state 8
    LET     shift, and go to state 9
    BREAK   shift, and go to state 10
    NIL     shift, and go to state 11

    exp           转到状态22
    expseq        转到状态97
    funcall       转到状态14
    rec_creation  转到状态15
    lvalue        转到状态16


状态 68

   40 decs: dec decs .

    $default  reduce using rule 40 (decs)


状态 69

    5 exp: exp . TIMES exp
    6    | exp . DIVIDE exp
    7    | exp . PLUS exp
    8    | exp . MINUS exp
    9    | exp . EQ exp
   10    | exp . NEQ exp
   11    | exp . LT exp
   12    | exp . LE exp
   13    | exp . GT exp
   14    | exp . GE exp
   15    | exp . AND exp
   16    | exp . OR exp
   16    | exp OR exp .

    GE      shift, and go to state 38
    GT      shift, and go to state 39
    LE      shift, and go to state 40
    LT      shift, and go to state 41
    NEQ     shift, and go to state 42
    EQ      shift, and go to state 43
    MINUS   shift, and go to state 44
    PLUS    shift, and go to state 45
    DIVIDE  shift, and go to state 46
    TIMES   shift, and go to state 47

    $default  reduce using rule 16 (exp)


状态 70

    5 exp: exp . TIMES exp
    6    | exp . DIVIDE exp
    7    | exp . PLUS exp
    8    | exp . MINUS exp
    9    | exp . EQ exp
   10    | exp . NEQ exp
   11    | exp . LT exp
   12    | exp . LE exp
   13    | exp . GT exp
   14    | exp . GE exp
   15    | exp . AND exp
   15    | exp AND exp .
   16    | exp . OR exp

    GE      shift, and go to state 38
    GT      shift, and go to state 39
    LE      shift, and go to state 40
    LT      shift, and go to state 41
    NEQ     shift, and go to state 42
    EQ      shift, and go to state 43
    MINUS   shift, and go to state 44
    PLUS    shift, and go to state 45
    DIVIDE  shift, and go to state 46
    TIMES   shift, and go to state 47

    $default  reduce using rule 15 (exp)


状态 71

    5 exp: exp . TIMES exp
    6    | exp . DIVIDE exp
    7    | exp . PLUS exp
    8    | exp . MINUS exp
    9    | exp . EQ exp
   10    | exp . NEQ exp
   11    | exp . LT exp
   12    | exp . LE exp
   13    | exp . GT exp
   14    | exp . GE exp
   14    | exp GE exp .
   15    | exp . AND exp
   16    | exp . OR exp

    MINUS   shift, and go to state 44
    PLUS    shift, and go to state 45
    DIVIDE  shift, and go to state 46
    TIMES   shift, and go to state 47

    GE   error (nonassociative)
    GT   error (nonassociative)
    LE   error (nonassociative)
    LT   error (nonassociative)
    NEQ  error (nonassociative)
    EQ   error (nonassociative)

    $default  reduce using rule 14 (exp)


状态 72

    5 exp: exp . TIMES exp
    6    | exp . DIVIDE exp
    7    | exp . PLUS exp
    8    | exp . MINUS exp
    9    | exp . EQ exp
   10    | exp . NEQ exp
   11    | exp . LT exp
   12    | exp . LE exp
   13    | exp . GT exp
   13    | exp GT exp .
   14    | exp . GE exp
   15    | exp . AND exp
   16    | exp . OR exp

    MINUS   shift, and go to state 44
    PLUS    shift, and go to state 45
    DIVIDE  shift, and go to state 46
    TIMES   shift, and go to state 47

    GE   error (nonassociative)
    GT   error (nonassociative)
    LE   error (nonassociative)
    LT   error (nonassociative)
    NEQ  error (nonassociative)
    EQ   error (nonassociative)

    $default  reduce using rule 13 (exp)


状态 73

    5 exp: exp . TIMES exp
    6    | exp . DIVIDE exp
    7    | exp . PLUS exp
    8    | exp . MINUS exp
    9    | exp . EQ exp
   10    | exp . NEQ exp
   11    | exp . LT exp
   12    | exp . LE exp
   12    | exp LE exp .
   13    | exp . GT exp
   14    | exp . GE exp
   15    | exp . AND exp
   16    | exp . OR exp

    MINUS   shift, and go to state 44
    PLUS    shift, and go to state 45
    DIVIDE  shift, and go to state 46
    TIMES   shift, and go to state 47

    GE   error (nonassociative)
    GT   error (nonassociative)
    LE   error (nonassociative)
    LT   error (nonassociative)
    NEQ  error (nonassociative)
    EQ   error (nonassociative)

    $default  reduce using rule 12 (exp)


状态 74

    5 exp: exp . TIMES exp
    6    | exp . DIVIDE exp
    7    | exp . PLUS exp
    8    | exp . MINUS exp
    9    | exp . EQ exp
   10    | exp . NEQ exp
   11    | exp . LT exp
   11    | exp LT exp .
   12    | exp . LE exp
   13    | exp . GT exp
   14    | exp . GE exp
   15    | exp . AND exp
   16    | exp . OR exp

    MINUS   shift, and go to state 44
    PLUS    shift, and go to state 45
    DIVIDE  shift, and go to state 46
    TIMES   shift, and go to state 47

    GE   error (nonassociative)
    GT   error (nonassociative)
    LE   error (nonassociative)
    LT   error (nonassociative)
    NEQ  error (nonassociative)
    EQ   error (nonassociative)

    $default  reduce using rule 11 (exp)


状态 75

    5 exp: exp . TIMES exp
    6    | exp . DIVIDE exp
    7    | exp . PLUS exp
    8    | exp . MINUS exp
    9    | exp . EQ exp
   10    | exp . NEQ exp
   10    | exp NEQ exp .
   11    | exp . LT exp
   12    | exp . LE exp
   13    | exp . GT exp
   14    | exp . GE exp
   15    | exp . AND exp
   16    | exp . OR exp

    MINUS   shift, and go to state 44
    PLUS    shift, and go to state 45
    DIVIDE  shift, and go to state 46
    TIMES   shift, and go to state 47

    GE   error (nonassociative)
    GT   error (nonassociative)
    LE   error (nonassociative)
    LT   error (nonassociative)
    NEQ  error (nonassociative)
    EQ   error (nonassociative)

    $default  reduce using rule 10 (exp)


状态 76

    5 exp: exp . TIMES exp
    6    | exp . DIVIDE exp
    7    | exp . PLUS exp
    8    | exp . MINUS exp
    9    | exp . EQ exp
    9    | exp EQ exp .
   10    | exp . NEQ exp
   11    | exp . LT exp
   12    | exp . LE exp
   13    | exp . GT exp
   14    | exp . GE exp
   15    | exp . AND exp
   16    | exp . OR exp

    MINUS   shift, and go to state 44
    PLUS    shift, and go to state 45
    DIVIDE  shift, and go to state 46
    TIMES   shift, and go to state 47

    GE   error (nonassociative)
    GT   error (nonassociative)
    LE   error (nonassociative)
    LT   error (nonassociative)
    NEQ  error (nonassociative)
    EQ   error (nonassociative)

    $default  reduce using rule 9 (exp)


状态 77

    5 exp: exp . TIMES exp
    6    | exp . DIVIDE exp
    7    | exp . PLUS exp
    8    | exp . MINUS exp
    8    | exp MINUS exp .
    9    | exp . EQ exp
   10    | exp . NEQ exp
   11    | exp . LT exp
   12    | exp . LE exp
   13    | exp . GT exp
   14    | exp . GE exp
   15    | exp . AND exp
   16    | exp . OR exp

    DIVIDE  shift, and go to state 46
    TIMES   shift, and go to state 47

    $default  reduce using rule 8 (exp)


状态 78

    5 exp: exp . TIMES exp
    6    | exp . DIVIDE exp
    7    | exp . PLUS exp
    7    | exp PLUS exp .
    8    | exp . MINUS exp
    9    | exp . EQ exp
   10    | exp . NEQ exp
   11    | exp . LT exp
   12    | exp . LE exp
   13    | exp . GT exp
   14    | exp . GE exp
   15    | exp . AND exp
   16    | exp . OR exp

    DIVIDE  shift, and go to state 46
    TIMES   shift, and go to state 47

    $default  reduce using rule 7 (exp)


状态 79

    5 exp: exp . TIMES exp
    6    | exp . DIVIDE exp
    6    | exp DIVIDE exp .
    7    | exp . PLUS exp
    8    | exp . MINUS exp
    9    | exp . EQ exp
   10    | exp . NEQ exp
   11    | exp . LT exp
   12    | exp . LE exp
   13    | exp . GT exp
   14    | exp . GE exp
   15    | exp . AND exp
   16    | exp . OR exp

    $default  reduce using rule 6 (exp)


状态 80

    5 exp: exp . TIMES exp
    5    | exp TIMES exp .
    6    | exp . DIVIDE exp
    7    | exp . PLUS exp
    8    | exp . MINUS exp
    9    | exp . EQ exp
   10    | exp . NEQ exp
   11    | exp . LT exp
   12    | exp . LE exp
   13    | exp . GT exp
   14    | exp . GE exp
   15    | exp . AND exp
   16    | exp . OR exp

    $default  reduce using rule 5 (exp)


状态 81

    5 exp: exp . TIMES exp
    6    | exp . DIVIDE exp
    7    | exp . PLUS exp
    8    | exp . MINUS exp
    9    | exp . EQ exp
   10    | exp . NEQ exp
   11    | exp . LT exp
   12    | exp . LE exp
   13    | exp . GT exp
   14    | exp . GE exp
   15    | exp . AND exp
   16    | exp . OR exp
   62 lvalue: lvalue LBRACK exp . RBRACK

    OR      shift, and go to state 36
    AND     shift, and go to state 37
    GE      shift, and go to state 38
    GT      shift, and go to state 39
    LE      shift, and go to state 40
    LT      shift, and go to state 41
    NEQ     shift, and go to state 42
    EQ      shift, and go to state 43
    MINUS   shift, and go to state 44
    PLUS    shift, and go to state 45
    DIVIDE  shift, and go to state 46
    TIMES   shift, and go to state 47
    RBRACK  shift, and go to state 98


状态 82

   60 lvalue: lvalue DOT ID .

    $default  reduce using rule 60 (lvalue)


状态 83

    3 exp: lvalue ASSIGN exp .
    5    | exp . TIMES exp
    6    | exp . DIVIDE exp
    7    | exp . PLUS exp
    8    | exp . MINUS exp
    9    | exp . EQ exp
   10    | exp . NEQ exp
   11    | exp . LT exp
   12    | exp . LE exp
   13    | exp . GT exp
   14    | exp . GE exp
   15    | exp . AND exp
   16    | exp . OR exp

    OR      shift, and go to state 36
    AND     shift, and go to state 37
    GE      shift, and go to state 38
    GT      shift, and go to state 39
    LE      shift, and go to state 40
    LT      shift, and go to state 41
    NEQ     shift, and go to state 42
    EQ      shift, and go to state 43
    MINUS   shift, and go to state 44
    PLUS    shift, and go to state 45
    DIVIDE  shift, and go to state 46
    TIMES   shift, and go to state 47

    OR        [reduce using rule 3 (exp)]
    AND       [reduce using rule 3 (exp)]
    GE        [reduce using rule 3 (exp)]
    GT        [reduce using rule 3 (exp)]
    LE        [reduce using rule 3 (exp)]
    LT        [reduce using rule 3 (exp)]
    NEQ       [reduce using rule 3 (exp)]
    EQ        [reduce using rule 3 (exp)]
    MINUS     [reduce using rule 3 (exp)]
    PLUS      [reduce using rule 3 (exp)]
    DIVIDE    [reduce using rule 3 (exp)]
    TIMES     [reduce using rule 3 (exp)]
    $default  reduce using rule 3 (exp)


状态 84

   34 argseq: exp COMMA . argseq

    ID      shift, and go to state 1
    STRING  shift, and go to state 2
    INT     shift, and go to state 3
    MINUS   shift, and go to state 4
    LPAREN  shift, and go to state 5
    IF      shift, and go to state 6
    WHILE   shift, and go to state 7
    FOR     shift, and go to state 8
    LET     shift, and go to state 9
    BREAK   shift, and go to state 10
    NIL     shift, and go to state 11

    exp           转到状态52
    funcall       转到状态14
    argseq        转到状态99
    rec_creation  转到状态15
    lvalue        转到状态16


状态 85

   33 funcall: ID LPAREN argseq RPAREN .

    $default  reduce using rule 33 (funcall)


状态 86

   23 exp: ID LBRACK exp RBRACK . OF exp
   61 lvalue: ID LBRACK exp RBRACK .

    OF  shift, and go to state 100

    $default  reduce using rule 61 (lvalue)


状态 87

   38 field_seq: ID EQ . exp COMMA field_seq
   39          | ID EQ . exp

    ID      shift, and go to state 1
    STRING  shift, and go to state 2
    INT     shift, and go to state 3
    MINUS   shift, and go to state 4
    LPAREN  shift, and go to state 5
    IF      shift, and go to state 6
    WHILE   shift, and go to state 7
    FOR     shift, and go to state 8
    LET     shift, and go to state 9
    BREAK   shift, and go to state 10
    NIL     shift, and go to state 11

    exp           转到状态101
    funcall       转到状态14
    rec_creation  转到状态15
    lvalue        转到状态16


状态 88

   37 rec_creation: ID LBRACE field_seq RBRACE .

    $default  reduce using rule 37 (rec_creation)


状态 89

   30 expseq: exp SEMICOLON expseq .

    $default  reduce using rule 30 (expseq)


状态 90

    5 exp: exp . TIMES exp
    6    | exp . DIVIDE exp
    7    | exp . PLUS exp
    8    | exp . MINUS exp
    9    | exp . EQ exp
   10    | exp . NEQ exp
   11    | exp . LT exp
   12    | exp . LE exp
   13    | exp . GT exp
   14    | exp . GE exp
   15    | exp . AND exp
   16    | exp . OR exp
   24    | IF exp THEN exp . ELSE exp
   25    | IF exp THEN exp .

    OR      shift, and go to state 36
    AND     shift, and go to state 37
    GE      shift, and go to state 38
    GT      shift, and go to state 39
    LE      shift, and go to state 40
    LT      shift, and go to state 41
    NEQ     shift, and go to state 42
    EQ      shift, and go to state 43
    MINUS   shift, and go to state 44
    PLUS    shift, and go to state 45
    DIVIDE  shift, and go to state 46
    TIMES   shift, and go to state 47
    ELSE    shift, and go to state 102

    OR        [reduce using rule 25 (exp)]
    AND       [reduce using rule 25 (exp)]
    GE        [reduce using rule 25 (exp)]
    GT        [reduce using rule 25 (exp)]
    LE        [reduce using rule 25 (exp)]
    LT        [reduce using rule 25 (exp)]
    NEQ       [reduce using rule 25 (exp)]
    EQ        [reduce using rule 25 (exp)]
    MINUS     [reduce using rule 25 (exp)]
    PLUS      [reduce using rule 25 (exp)]
    DIVIDE    [reduce using rule 25 (exp)]
    TIMES     [reduce using rule 25 (exp)]
    ELSE      [reduce using rule 25 (exp)]
    $default  reduce using rule 25 (exp)


状态 91

    5 exp: exp . TIMES exp
    6    | exp . DIVIDE exp
    7    | exp . PLUS exp
    8    | exp . MINUS exp
    9    | exp . EQ exp
   10    | exp . NEQ exp
   11    | exp . LT exp
   12    | exp . LE exp
   13    | exp . GT exp
   14    | exp . GE exp
   15    | exp . AND exp
   16    | exp . OR exp
   26    | WHILE exp DO exp .

    OR      shift, and go to state 36
    AND     shift, and go to state 37
    GE      shift, and go to state 38
    GT      shift, and go to state 39
    LE      shift, and go to state 40
    LT      shift, and go to state 41
    NEQ     shift, and go to state 42
    EQ      shift, and go to state 43
    MINUS   shift, and go to state 44
    PLUS    shift, and go to state 45
    DIVIDE  shift, and go to state 46
    TIMES   shift, and go to state 47

    OR        [reduce using rule 26 (exp)]
    AND       [reduce using rule 26 (exp)]
    GE        [reduce using rule 26 (exp)]
    GT        [reduce using rule 26 (exp)]
    LE        [reduce using rule 26 (exp)]
    LT        [reduce using rule 26 (exp)]
    NEQ       [reduce using rule 26 (exp)]
    EQ        [reduce using rule 26 (exp)]
    MINUS     [reduce using rule 26 (exp)]
    PLUS      [reduce using rule 26 (exp)]
    DIVIDE    [reduce using rule 26 (exp)]
    TIMES     [reduce using rule 26 (exp)]
    $default  reduce using rule 26 (exp)


状态 92

    5 exp: exp . TIMES exp
    6    | exp . DIVIDE exp
    7    | exp . PLUS exp
    8    | exp . MINUS exp
    9    | exp . EQ exp
   10    | exp . NEQ exp
   11    | exp . LT exp
   12    | exp . LE exp
   13    | exp . GT exp
   14    | exp . GE exp
   15    | exp . AND exp
   16    | exp . OR exp
   27    | FOR ID ASSIGN exp . TO exp DO exp

    OR      shift, and go to state 36
    AND     shift, and go to state 37
    GE      shift, and go to state 38
    GT      shift, and go to state 39
    LE      shift, and go to state 40
    LT      shift, and go to state 41
    NEQ     shift, and go to state 42
    EQ      shift, and go to state 43
    MINUS   shift, and go to state 44
    PLUS    shift, and go to state 45
    DIVIDE  shift, and go to state 46
    TIMES   shift, and go to state 47
    TO      shift, and go to state 103


状态 93

   56 fundec: FUNCTION ID LPAREN . tyfields RPAREN EQ exp
   57       | FUNCTION ID LPAREN . tyfields RPAREN COLON ID EQ exp

    ID  shift, and go to state 104

    $default  reduce using rule 50 (tyfields)

    tyfields  转到状态105
    tyfield   转到状态106


状态 94

   55 vardec: VAR ID COLON . ID ASSIGN exp

    ID  shift, and go to state 107


状态 95

   54 vardec: VAR ID ASSIGN . exp

    ID      shift, and go to state 1
    STRING  shift, and go to state 2
    INT     shift, and go to state 3
    MINUS   shift, and go to state 4
    LPAREN  shift, and go to state 5
    IF      shift, and go to state 6
    WHILE   shift, and go to state 7
    FOR     shift, and go to state 8
    LET     shift, and go to state 9
    BREAK   shift, and go to state 10
    NIL     shift, and go to state 11

    exp           转到状态108
    funcall       转到状态14
    rec_creation  转到状态15
    lvalue        转到状态16


状态 96

   45 tydec: TYPE ID EQ . ty

    ID      shift, and go to state 109
    LBRACE  shift, and go to state 110
    ARRAY   shift, and go to state 111

    ty  转到状态112


状态 97

   29 exp: LET decs IN expseq . END

    END  shift, and go to state 113


状态 98

   62 lvalue: lvalue LBRACK exp RBRACK .

    $default  reduce using rule 62 (lvalue)


状态 99

   34 argseq: exp COMMA argseq .

    $default  reduce using rule 34 (argseq)


状态 100

   23 exp: ID LBRACK exp RBRACK OF . exp

    ID      shift, and go to state 1
    STRING  shift, and go to state 2
    INT     shift, and go to state 3
    MINUS   shift, and go to state 4
    LPAREN  shift, and go to state 5
    IF      shift, and go to state 6
    WHILE   shift, and go to state 7
    FOR     shift, and go to state 8
    LET     shift, and go to state 9
    BREAK   shift, and go to state 10
    NIL     shift, and go to state 11

    exp           转到状态114
    funcall       转到状态14
    rec_creation  转到状态15
    lvalue        转到状态16


状态 101

    5 exp: exp . TIMES exp
    6    | exp . DIVIDE exp
    7    | exp . PLUS exp
    8    | exp . MINUS exp
    9    | exp . EQ exp
   10    | exp . NEQ exp
   11    | exp . LT exp
   12    | exp . LE exp
   13    | exp . GT exp
   14    | exp . GE exp
   15    | exp . AND exp
   16    | exp . OR exp
   38 field_seq: ID EQ exp . COMMA field_seq
   39          | ID EQ exp .

    OR      shift, and go to state 36
    AND     shift, and go to state 37
    GE      shift, and go to state 38
    GT      shift, and go to state 39
    LE      shift, and go to state 40
    LT      shift, and go to state 41
    NEQ     shift, and go to state 42
    EQ      shift, and go to state 43
    MINUS   shift, and go to state 44
    PLUS    shift, and go to state 45
    DIVIDE  shift, and go to state 46
    TIMES   shift, and go to state 47
    COMMA   shift, and go to state 115

    $default  reduce using rule 39 (field_seq)


状态 102

   24 exp: IF exp THEN exp ELSE . exp

    ID      shift, and go to state 1
    STRING  shift, and go to state 2
    INT     shift, and go to state 3
    MINUS   shift, and go to state 4
    LPAREN  shift, and go to state 5
    IF      shift, and go to state 6
    WHILE   shift, and go to state 7
    FOR     shift, and go to state 8
    LET     shift, and go to state 9
    BREAK   shift, and go to state 10
    NIL     shift, and go to state 11

    exp           转到状态116
    funcall       转到状态14
    rec_creation  转到状态15
    lvalue        转到状态16


状态 103

   27 exp: FOR ID ASSIGN exp TO . exp DO exp

    ID      shift, and go to state 1
    STRING  shift, and go to state 2
    INT     shift, and go to state 3
    MINUS   shift, and go to state 4
    LPAREN  shift, and go to state 5
    IF      shift, and go to state 6
    WHILE   shift, and go to state 7
    FOR     shift, and go to state 8
    LET     shift, and go to state 9
    BREAK   shift, and go to state 10
    NIL     shift, and go to state 11

    exp           转到状态117
    funcall       转到状态14
    rec_creation  转到状态15
    lvalue        转到状态16


状态 104

   53 tyfield: ID . COLON ID

    COLON  shift, and go to state 118


状态 105

   56 fundec: FUNCTION ID LPAREN tyfields . RPAREN EQ exp
   57       | FUNCTION ID LPAREN tyfields . RPAREN COLON ID EQ exp

    RPAREN  shift, and go to state 119


状态 106

   49 tyfields: tyfield . tail_tyfields

    COMMA  shift, and go to state 120

    $default  reduce using rule 52 (tail_tyfields)

    tail_tyfields  转到状态121


状态 107

   55 vardec: VAR ID COLON ID . ASSIGN exp

    ASSIGN  shift, and go to state 122


状态 108

    5 exp: exp . TIMES exp
    6    | exp . DIVIDE exp
    7    | exp . PLUS exp
    8    | exp . MINUS exp
    9    | exp . EQ exp
   10    | exp . NEQ exp
   11    | exp . LT exp
   12    | exp . LE exp
   13    | exp . GT exp
   14    | exp . GE exp
   15    | exp . AND exp
   16    | exp . OR exp
   54 vardec: VAR ID ASSIGN exp .

    OR      shift, and go to state 36
    AND     shift, and go to state 37
    GE      shift, and go to state 38
    GT      shift, and go to state 39
    LE      shift, and go to state 40
    LT      shift, and go to state 41
    NEQ     shift, and go to state 42
    EQ      shift, and go to state 43
    MINUS   shift, and go to state 44
    PLUS    shift, and go to state 45
    DIVIDE  shift, and go to state 46
    TIMES   shift, and go to state 47

    $default  reduce using rule 54 (vardec)


状态 109

   46 ty: ID .

    $default  reduce using rule 46 (ty)


状态 110

   47 ty: LBRACE . tyfields RBRACE

    ID  shift, and go to state 104

    $default  reduce using rule 50 (tyfields)

    tyfields  转到状态123
    tyfield   转到状态106


状态 111

   48 ty: ARRAY . OF ID

    OF  shift, and go to state 124


状态 112

   45 tydec: TYPE ID EQ ty .

    $default  reduce using rule 45 (tydec)


状态 113

   29 exp: LET decs IN expseq END .

    $default  reduce using rule 29 (exp)


状态 114

    5 exp: exp . TIMES exp
    6    | exp . DIVIDE exp
    7    | exp . PLUS exp
    8    | exp . MINUS exp
    9    | exp . EQ exp
   10    | exp . NEQ exp
   11    | exp . LT exp
   12    | exp . LE exp
   13    | exp . GT exp
   14    | exp . GE exp
   15    | exp . AND exp
   16    | exp . OR exp
   23    | ID LBRACK exp RBRACK OF exp .

    OR      shift, and go to state 36
    AND     shift, and go to state 37
    GE      shift, and go to state 38
    GT      shift, and go to state 39
    LE      shift, and go to state 40
    LT      shift, and go to state 41
    NEQ     shift, and go to state 42
    EQ      shift, and go to state 43
    MINUS   shift, and go to state 44
    PLUS    shift, and go to state 45
    DIVIDE  shift, and go to state 46
    TIMES   shift, and go to state 47

    OR        [reduce using rule 23 (exp)]
    AND       [reduce using rule 23 (exp)]
    GE        [reduce using rule 23 (exp)]
    GT        [reduce using rule 23 (exp)]
    LE        [reduce using rule 23 (exp)]
    LT        [reduce using rule 23 (exp)]
    NEQ       [reduce using rule 23 (exp)]
    EQ        [reduce using rule 23 (exp)]
    MINUS     [reduce using rule 23 (exp)]
    PLUS      [reduce using rule 23 (exp)]
    DIVIDE    [reduce using rule 23 (exp)]
    TIMES     [reduce using rule 23 (exp)]
    $default  reduce using rule 23 (exp)


状态 115

   38 field_seq: ID EQ exp COMMA . field_seq

    ID  shift, and go to state 55

    field_seq  转到状态125


状态 116

    5 exp: exp . TIMES exp
    6    | exp . DIVIDE exp
    7    | exp . PLUS exp
    8    | exp . MINUS exp
    9    | exp . EQ exp
   10    | exp . NEQ exp
   11    | exp . LT exp
   12    | exp . LE exp
   13    | exp . GT exp
   14    | exp . GE exp
   15    | exp . AND exp
   16    | exp . OR exp
   24    | IF exp THEN exp ELSE exp .

    OR      shift, and go to state 36
    AND     shift, and go to state 37
    GE      shift, and go to state 38
    GT      shift, and go to state 39
    LE      shift, and go to state 40
    LT      shift, and go to state 41
    NEQ     shift, and go to state 42
    EQ      shift, and go to state 43
    MINUS   shift, and go to state 44
    PLUS    shift, and go to state 45
    DIVIDE  shift, and go to state 46
    TIMES   shift, and go to state 47

    OR        [reduce using rule 24 (exp)]
    AND       [reduce using rule 24 (exp)]
    GE        [reduce using rule 24 (exp)]
    GT        [reduce using rule 24 (exp)]
    LE        [reduce using rule 24 (exp)]
    LT        [reduce using rule 24 (exp)]
    NEQ       [reduce using rule 24 (exp)]
    EQ        [reduce using rule 24 (exp)]
    MINUS     [reduce using rule 24 (exp)]
    PLUS      [reduce using rule 24 (exp)]
    DIVIDE    [reduce using rule 24 (exp)]
    TIMES     [reduce using rule 24 (exp)]
    $default  reduce using rule 24 (exp)


状态 117

    5 exp: exp . TIMES exp
    6    | exp . DIVIDE exp
    7    | exp . PLUS exp
    8    | exp . MINUS exp
    9    | exp . EQ exp
   10    | exp . NEQ exp
   11    | exp . LT exp
   12    | exp . LE exp
   13    | exp . GT exp
   14    | exp . GE exp
   15    | exp . AND exp
   16    | exp . OR exp
   27    | FOR ID ASSIGN exp TO exp . DO exp

    OR      shift, and go to state 36
    AND     shift, and go to state 37
    GE      shift, and go to state 38
    GT      shift, and go to state 39
    LE      shift, and go to state 40
    LT      shift, and go to state 41
    NEQ     shift, and go to state 42
    EQ      shift, and go to state 43
    MINUS   shift, and go to state 44
    PLUS    shift, and go to state 45
    DIVIDE  shift, and go to state 46
    TIMES   shift, and go to state 47
    DO      shift, and go to state 126


状态 118

   53 tyfield: ID COLON . ID

    ID  shift, and go to state 127


状态 119

   56 fundec: FUNCTION ID LPAREN tyfields RPAREN . EQ exp
   57       | FUNCTION ID LPAREN tyfields RPAREN . COLON ID EQ exp

    EQ     shift, and go to state 128
    COLON  shift, and go to state 129


状态 120

   51 tail_tyfields: COMMA . tyfield tail_tyfields

    ID  shift, and go to state 104

    tyfield  转到状态130


状态 121

   49 tyfields: tyfield tail_tyfields .

    $default  reduce using rule 49 (tyfields)


状态 122

   55 vardec: VAR ID COLON ID ASSIGN . exp

    ID      shift, and go to state 1
    STRING  shift, and go to state 2
    INT     shift, and go to state 3
    MINUS   shift, and go to state 4
    LPAREN  shift, and go to state 5
    IF      shift, and go to state 6
    WHILE   shift, and go to state 7
    FOR     shift, and go to state 8
    LET     shift, and go to state 9
    BREAK   shift, and go to state 10
    NIL     shift, and go to state 11

    exp           转到状态131
    funcall       转到状态14
    rec_creation  转到状态15
    lvalue        转到状态16


状态 123

   47 ty: LBRACE tyfields . RBRACE

    RBRACE  shift, and go to state 132


状态 124

   48 ty: ARRAY OF . ID

    ID  shift, and go to state 133


状态 125

   38 field_seq: ID EQ exp COMMA field_seq .

    $default  reduce using rule 38 (field_seq)


状态 126

   27 exp: FOR ID ASSIGN exp TO exp DO . exp

    ID      shift, and go to state 1
    STRING  shift, and go to state 2
    INT     shift, and go to state 3
    MINUS   shift, and go to state 4
    LPAREN  shift, and go to state 5
    IF      shift, and go to state 6
    WHILE   shift, and go to state 7
    FOR     shift, and go to state 8
    LET     shift, and go to state 9
    BREAK   shift, and go to state 10
    NIL     shift, and go to state 11

    exp           转到状态134
    funcall       转到状态14
    rec_creation  转到状态15
    lvalue        转到状态16


状态 127

   53 tyfield: ID COLON ID .

    $default  reduce using rule 53 (tyfield)


状态 128

   56 fundec: FUNCTION ID LPAREN tyfields RPAREN EQ . exp

    ID      shift, and go to state 1
    STRING  shift, and go to state 2
    INT     shift, and go to state 3
    MINUS   shift, and go to state 4
    LPAREN  shift, and go to state 5
    IF      shift, and go to state 6
    WHILE   shift, and go to state 7
    FOR     shift, and go to state 8
    LET     shift, and go to state 9
    BREAK   shift, and go to state 10
    NIL     shift, and go to state 11

    exp           转到状态135
    funcall       转到状态14
    rec_creation  转到状态15
    lvalue        转到状态16


状态 129

   57 fundec: FUNCTION ID LPAREN tyfields RPAREN COLON . ID EQ exp

    ID  shift, and go to state 136


状态 130

   51 tail_tyfields: COMMA tyfield . tail_tyfields

    COMMA  shift, and go to state 120

    $default  reduce using rule 52 (tail_tyfields)

    tail_tyfields  转到状态137


状态 131

    5 exp: exp . TIMES exp
    6    | exp . DIVIDE exp
    7    | exp . PLUS exp
    8    | exp . MINUS exp
    9    | exp . EQ exp
   10    | exp . NEQ exp
   11    | exp . LT exp
   12    | exp . LE exp
   13    | exp . GT exp
   14    | exp . GE exp
   15    | exp . AND exp
   16    | exp . OR exp
   55 vardec: VAR ID COLON ID ASSIGN exp .

    OR      shift, and go to state 36
    AND     shift, and go to state 37
    GE      shift, and go to state 38
    GT      shift, and go to state 39
    LE      shift, and go to state 40
    LT      shift, and go to state 41
    NEQ     shift, and go to state 42
    EQ      shift, and go to state 43
    MINUS   shift, and go to state 44
    PLUS    shift, and go to state 45
    DIVIDE  shift, and go to state 46
    TIMES   shift, and go to state 47

    $default  reduce using rule 55 (vardec)


状态 132

   47 ty: LBRACE tyfields RBRACE .

    $default  reduce using rule 47 (ty)


状态 133

   48 ty: ARRAY OF ID .

    $default  reduce using rule 48 (ty)


状态 134

    5 exp: exp . TIMES exp
    6    | exp . DIVIDE exp
    7    | exp . PLUS exp
    8    | exp . MINUS exp
    9    | exp . EQ exp
   10    | exp . NEQ exp
   11    | exp . LT exp
   12    | exp . LE exp
   13    | exp . GT exp
   14    | exp . GE exp
   15    | exp . AND exp
   16    | exp . OR exp
   27    | FOR ID ASSIGN exp TO exp DO exp .

    OR      shift, and go to state 36
    AND     shift, and go to state 37
    GE      shift, and go to state 38
    GT      shift, and go to state 39
    LE      shift, and go to state 40
    LT      shift, and go to state 41
    NEQ     shift, and go to state 42
    EQ      shift, and go to state 43
    MINUS   shift, and go to state 44
    PLUS    shift, and go to state 45
    DIVIDE  shift, and go to state 46
    TIMES   shift, and go to state 47

    OR        [reduce using rule 27 (exp)]
    AND       [reduce using rule 27 (exp)]
    GE        [reduce using rule 27 (exp)]
    GT        [reduce using rule 27 (exp)]
    LE        [reduce using rule 27 (exp)]
    LT        [reduce using rule 27 (exp)]
    NEQ       [reduce using rule 27 (exp)]
    EQ        [reduce using rule 27 (exp)]
    MINUS     [reduce using rule 27 (exp)]
    PLUS      [reduce using rule 27 (exp)]
    DIVIDE    [reduce using rule 27 (exp)]
    TIMES     [reduce using rule 27 (exp)]
    $default  reduce using rule 27 (exp)


状态 135

    5 exp: exp . TIMES exp
    6    | exp . DIVIDE exp
    7    | exp . PLUS exp
    8    | exp . MINUS exp
    9    | exp . EQ exp
   10    | exp . NEQ exp
   11    | exp . LT exp
   12    | exp . LE exp
   13    | exp . GT exp
   14    | exp . GE exp
   15    | exp . AND exp
   16    | exp . OR exp
   56 fundec: FUNCTION ID LPAREN tyfields RPAREN EQ exp .

    OR      shift, and go to state 36
    AND     shift, and go to state 37
    GE      shift, and go to state 38
    GT      shift, and go to state 39
    LE      shift, and go to state 40
    LT      shift, and go to state 41
    NEQ     shift, and go to state 42
    EQ      shift, and go to state 43
    MINUS   shift, and go to state 44
    PLUS    shift, and go to state 45
    DIVIDE  shift, and go to state 46
    TIMES   shift, and go to state 47

    $default  reduce using rule 56 (fundec)


状态 136

   57 fundec: FUNCTION ID LPAREN tyfields RPAREN COLON ID . EQ exp

    EQ  shift, and go to state 138


状态 137

   51 tail_tyfields: COMMA tyfield tail_tyfields .

    $default  reduce using rule 51 (tail_tyfields)


状态 138

   57 fundec: FUNCTION ID LPAREN tyfields RPAREN COLON ID EQ . exp

    ID      shift, and go to state 1
    STRING  shift, and go to state 2
    INT     shift, and go to state 3
    MINUS   shift, and go to state 4
    LPAREN  shift, and go to state 5
    IF      shift, and go to state 6
    WHILE   shift, and go to state 7
    FOR     shift, and go to state 8
    LET     shift, and go to state 9
    BREAK   shift, and go to state 10
    NIL     shift, and go to state 11

    exp           转到状态139
    funcall       转到状态14
    rec_creation  转到状态15
    lvalue        转到状态16


状态 139

    5 exp: exp . TIMES exp
    6    | exp . DIVIDE exp
    7    | exp . PLUS exp
    8    | exp . MINUS exp
    9    | exp . EQ exp
   10    | exp . NEQ exp
   11    | exp . LT exp
   12    | exp . LE exp
   13    | exp . GT exp
   14    | exp . GE exp
   15    | exp . AND exp
   16    | exp . OR exp
   57 fundec: FUNCTION ID LPAREN tyfields RPAREN COLON ID EQ exp .

    OR      shift, and go to state 36
    AND     shift, and go to state 37
    GE      shift, and go to state 38
    GT      shift, and go to state 39
    LE      shift, and go to state 40
    LT      shift, and go to state 41
    NEQ     shift, and go to state 42
    EQ      shift, and go to state 43
    MINUS   shift, and go to state 44
    PLUS    shift, and go to state 45
    DIVIDE  shift, and go to state 46
    TIMES   shift, and go to state 47

    $default  reduce using rule 57 (fundec)
